<?xml version="1.0" encoding="UTF-8"?>
<testsuite xmlns:xsi="http://www.w3.org/2001/XMLSchema-instance" xsi:noNamespaceSchemaLocation="https://maven.apache.org/surefire/maven-surefire-plugin/xsd/surefire-test-report.xsd" name="com.homecompany.testfortoh.MainScenarios" time="20.754" tests="6" errors="0" skipped="0" failures="0">
  <properties>
[...]
</properties>
  <testcase name="Test01" classname="com.homecompany.testfortoh.MainScenarios" time="1.215"/>
  <testcase name="Test02" classname="com.homecompany.testfortoh.MainScenarios" time="4.163"/>
  <testcase name="Test03" classname="com.homecompany.testfortoh.MainScenarios" time="1.175"/>
  <testcase name="Test04" classname="com.homecompany.testfortoh.MainScenarios" time="0.903"/>
  <testcase name="Test05" classname="com.homecompany.testfortoh.MainScenarios" time="2.965"/>
  <testcase name="Test06" classname="com.homecompany.testfortoh.MainScenarios" time="3.21"/>
</testsuite>